[INFO ][2018/06/29 22:59:15,467][org.springframework.test.context.TestContextManager.retrieveTestExecutionListeners(TestContextManager.java:185)]
@TestExecutionListeners is not present for class [class UserController]: using defaults.
[INFO ][2018/06/29 22:59:15,582][org.springframework.beans.factory.xml.XmlBeanDefinitionReader.loadBeanDefinitions(XmlBeanDefinitionReader.java:315)]
Loading XML bean definitions from class path resource [ApplicationContext.xml]
[INFO ][2018/06/29 22:59:16,861][org.springframework.context.annotation.ClassPathScanningCandidateComponentProvider.registerDefaultFilters(ClassPathScanningCandidateComponentProvider.java:210)]
JSR-330 'javax.inject.Named' annotation found and supported for component scanning
[INFO ][2018/06/29 22:59:16,876][org.springframework.beans.factory.xml.XmlBeanDefinitionReader.loadBeanDefinitions(XmlBeanDefinitionReader.java:315)]
Loading XML bean definitions from class path resource [c3p0.xml]
[INFO ][2018/06/29 22:59:16,906][org.springframework.context.support.AbstractApplicationContext.prepareRefresh(AbstractApplicationContext.java:495)]
Refreshing org.springframework.context.support.GenericApplicationContext@5b275dab: startup date [Fri Jun 29 22:59:16 CST 2018]; root of context hierarchy
[INFO ][2018/06/29 22:59:16,956][org.springframework.core.io.support.PropertiesLoaderSupport.loadProperties(PropertiesLoaderSupport.java:177)]
Loading properties file from class path resource [config.properties]
[INFO ][2018/06/29 22:59:16,962][org.springframework.beans.factory.annotation.AutowiredAnnotationBeanPostProcessor.<init>(AutowiredAnnotationBeanPostProcessor.java:139)]
JSR-330 'javax.inject.Inject' annotation found and supported for autowiring
[INFO ][2018/06/29 22:59:16,984][org.springframework.beans.factory.support.DefaultListableBeanFactory.preInstantiateSingletons(DefaultListableBeanFactory.java:557)]
Pre-instantiating singletons in org.springframework.beans.factory.support.DefaultListableBeanFactory@16aa0a0a: defining beans [org.springframework.context.annotation.internalConfigurationAnnotationProcessor,org.springframework.context.annotation.internalAutowiredAnnotationProcessor,org.springframework.context.annotation.internalRequiredAnnotationProcessor,org.springframework.context.annotation.internalCommonAnnotationProcessor,org.springframework.context.support.PropertySourcesPlaceholderConfigurer#0,org.springframework.context.support.PropertySourcesPlaceholderConfigurer#1,dataSource,sqlSessionFactory,userDao,userService,transactionManager,txAdvice,org.springframework.aop.config.internalAutoProxyCreator,target,org.springframework.aop.support.DefaultBeanFactoryPointcutAdvisor#0,org.springframework.context.annotation.ConfigurationClassPostProcessor$ImportAwareBeanPostProcessor#0]; root of factory hierarchy
[INFO ][2018/06/29 22:59:17,016][com.mchange.v2.log.MLog$1.run(MLog.java:124)]
MLog clients using log4j logging.
[INFO ][2018/06/29 22:59:17,076][com.mchange.v2.c3p0.C3P0Registry.banner(C3P0Registry.java:248)]
Initializing c3p0-0.9.5-pre10 [built 06-November-2014 02:02:55 -0800; debug? true; trace: 10]
[INFO ][2018/06/29 22:59:17,380][com.mchange.v2.c3p0.impl.AbstractPoolBackedDataSource.getPoolManager(AbstractPoolBackedDataSource.java:522)]
Initializing c3p0 pool... com.mchange.v2.c3p0.ComboPooledDataSource [ acquireIncrement -> 3, acquireRetryAttempts -> 30, acquireRetryDelay -> 1000, autoCommitOnClose -> false, automaticTestTable -> null, breakAfterAcquireFailure -> false, checkoutTimeout -> 0, connectionCustomizerClassName -> null, connectionTesterClassName -> com.mchange.v2.c3p0.impl.DefaultConnectionTester, contextClassLoaderSource -> caller, dataSourceName -> z8kfsx9wl3p3my1u3bbkh|48f2bd5b, debugUnreturnedConnectionStackTraces -> false, description -> null, driverClass -> com.mysql.jdbc.Driver, extensions -> {}, factoryClassLocation -> null, forceIgnoreUnresolvedTransactions -> false, forceUseNamedDriverClass -> false, identityToken -> z8kfsx9wl3p3my1u3bbkh|48f2bd5b, idleConnectionTestPeriod -> 0, initialPoolSize -> 3, jdbcUrl -> jdbc:mysql://localhost:3306/entryform?useUnicode=true&characterEncoding=UTF-8, maxAdministrativeTaskTime -> 0, maxConnectionAge -> 0, maxIdleTime -> 1800, maxIdleTimeExcessConnections -> 0, maxPoolSize -> 15, maxStatements -> 8, maxStatementsPerConnection -> 5, minPoolSize -> 2, numHelperThreads -> 3, preferredTestQuery -> null, privilegeSpawnedThreads -> false, properties -> {user=******, password=******}, propertyCycle -> 0, statementCacheNumDeferredCloseThreads -> 0, testConnectionOnCheckin -> false, testConnectionOnCheckout -> false, unreturnedConnectionTimeout -> 0, userOverrides -> {}, usesTraditionalReflectiveProxies -> false ]
[INFO ][2018/06/29 22:59:17,710][org.springframework.context.support.AbstractApplicationContext.doClose(AbstractApplicationContext.java:1020)]
Closing org.springframework.context.support.GenericApplicationContext@5b275dab: startup date [Fri Jun 29 22:59:16 CST 2018]; root of context hierarchy
[INFO ][2018/06/29 22:59:17,710][org.springframework.beans.factory.support.DefaultSingletonBeanRegistry.destroySingletons(DefaultSingletonBeanRegistry.java:433)]
Destroying singletons in org.springframework.beans.factory.support.DefaultListableBeanFactory@16aa0a0a: defining beans [org.springframework.context.annotation.internalConfigurationAnnotationProcessor,org.springframework.context.annotation.internalAutowiredAnnotationProcessor,org.springframework.context.annotation.internalRequiredAnnotationProcessor,org.springframework.context.annotation.internalCommonAnnotationProcessor,org.springframework.context.support.PropertySourcesPlaceholderConfigurer#0,org.springframework.context.support.PropertySourcesPlaceholderConfigurer#1,dataSource,sqlSessionFactory,userDao,userService,transactionManager,txAdvice,org.springframework.aop.config.internalAutoProxyCreator,target,org.springframework.aop.support.DefaultBeanFactoryPointcutAdvisor#0,org.springframework.context.annotation.ConfigurationClassPostProcessor$ImportAwareBeanPostProcessor#0]; root of factory hierarchy
